{"timeStamp": "2022-04-18T00:54:23.396Z" , "level": "info", "message": "GET /fail 404 1424 - 3.653 ms"},
{"timeStamp": "2022-04-18T00:54:23.423Z" , "level": "info", "message": "GET /api/parks/random_park 200 1691 - 17.124 ms"},
{"timeStamp": "2022-04-18T00:54:23.440Z" , "level": "info", "message": "GET /api/parks/random_picture 200 36 - 13.271 ms"},
{"timeStamp": "2022-04-18T00:54:23.455Z" , "level": "info", "message": "GET /api/parks/1 200 1556 - 13.392 ms"},
{"timeStamp": "2022-04-18T00:54:23.484Z" , "level": "info", "message": "GET /api/parks 200 100952 - 27.956 ms"},
{"timeStamp": "2022-04-18T00:54:23.489Z" , "level": "info", "message": "GET /fail 404 1424 - 1.737 ms"},
{"timeStamp": "2022-04-18T00:54:23.493Z" , "level": "info", "message": "GET /api/cocktails/random_picture 200 29 - 2.550 ms"},
{"timeStamp": "2022-04-18T00:54:23.499Z" , "level": "info", "message": "GET /api/cocktails/cocktail/2 200 1019 - 4.601 ms"},
{"timeStamp": "2022-04-18T00:54:23.509Z" , "level": "info", "message": "GET /api/cocktails/random_cocktail 200 2411 - 7.679 ms"},
{"timeStamp": "2022-04-18T00:54:23.540Z" , "level": "info", "message": "GET /api/cocktails 200 100244 - 28.943 ms"},
{"timeStamp": "2022-04-18T00:54:23.544Z" , "level": "info", "message": "GET /api/cocktails/ingredients 200 6800 - 1.582 ms"},
{"timeStamp": "2022-04-18T00:54:23.582Z" , "level": "info", "message": "GET /api/cocktails/by_ingredients 200 161720 - 35.660 ms"},
{"timeStamp": "2022-04-18T00:54:27.483Z" , "level": "info", "message": "GET /fail 404 1424 - 0.653 ms"},
{"timeStamp": "2022-04-18T00:54:27.490Z" , "level": "info", "message": "GET /api/parks/random_park 200 1999 - 2.327 ms"},
{"timeStamp": "2022-04-18T00:54:27.495Z" , "level": "info", "message": "GET /api/parks/random_picture 200 32 - 2.557 ms"},
{"timeStamp": "2022-04-18T00:54:27.497Z" , "level": "info", "message": "GET /api/parks/1 200 1556 - 0.349 ms"},
{"timeStamp": "2022-04-18T00:54:27.499Z" , "level": "info", "message": "GET /api/parks 200 100952 - 0.785 ms"},
{"timeStamp": "2022-04-18T00:54:27.503Z" , "level": "info", "message": "GET /fail 404 1424 - 0.671 ms"},
{"timeStamp": "2022-04-18T00:54:27.506Z" , "level": "info", "message": "GET /api/cocktails/random_picture 200 34 - 1.484 ms"},
{"timeStamp": "2022-04-18T00:54:27.508Z" , "level": "info", "message": "GET /api/cocktails/cocktail/2 200 1019 - 0.205 ms"},
{"timeStamp": "2022-04-18T00:54:27.512Z" , "level": "info", "message": "GET /api/cocktails/random_cocktail 200 1485 - 3.533 ms"},
{"timeStamp": "2022-04-18T00:54:27.515Z" , "level": "info", "message": "GET /api/cocktails 200 100244 - 0.845 ms"},
{"timeStamp": "2022-04-18T00:54:27.519Z" , "level": "info", "message": "GET /api/cocktails/ingredients 200 6800 - 0.309 ms"},
{"timeStamp": "2022-04-18T00:54:27.526Z" , "level": "info", "message": "GET /api/cocktails/by_ingredients 200 161720 - 1.304 ms"},
{"timeStamp": "2022-04-18T00:56:44.179Z" , "level": "info", "message": "GET /static/resized/old_fashioned.png 304 - - 2.426 ms"},
{"timeStamp": "2022-04-18T00:56:44.179Z" , "level": "info", "message": "GET /static/resized/acadia_2.png 304 - - 2.688 ms"},
{"timeStamp": "2022-04-18T00:56:44.187Z" , "level": "info", "message": "GET /static/resized/dark_n_stormy.png 304 - - 6.298 ms"},
{"timeStamp": "2022-04-18T00:56:44.192Z" , "level": "info", "message": "GET /api/cocktails 304 - - 5.797 ms"},
{"timeStamp": "2022-04-18T00:56:44.197Z" , "level": "info", "message": "GET /api/cocktails 304 - - 1.805 ms"},
{"timeStamp": "2022-04-18T00:56:44.454Z" , "level": "info", "message": "GET /api/cocktails/ingredients 304 - - 236.919 ms"},
{"timeStamp": "2022-04-18T00:56:44.455Z" , "level": "info", "message": "GET /api/cocktails/ingredients 304 - - 0.346 ms"},
{"timeStamp": "2022-04-18T00:56:44.498Z" , "level": "info", "message": "GET /api/cocktails/by_ingredients 304 - - 42.311 ms"},
{"timeStamp": "2022-04-18T00:56:44.501Z" , "level": "info", "message": "GET /api/cocktails/by_ingredients 304 - - 1.536 ms"},
{"timeStamp": "2022-04-18T00:57:01.202Z" , "level": "info", "message": "GET /static/resized/old_fashioned.png 304 - - 0.744 ms"},
{"timeStamp": "2022-04-18T00:57:01.204Z" , "level": "info", "message": "GET /static/resized/acadia_2.png 304 - - 3.461 ms"},
{"timeStamp": "2022-04-18T00:57:01.207Z" , "level": "info", "message": "GET /static/resized/dark_n_stormy.png 304 - - 1.688 ms"},
{"timeStamp": "2022-04-18T00:57:01.251Z" , "level": "info", "message": "GET /api/cocktails 304 - - 47.683 ms"},
{"timeStamp": "2022-04-18T00:57:01.255Z" , "level": "info", "message": "GET /api/cocktails 304 - - 2.195 ms"},
{"timeStamp": "2022-04-18T00:57:01.261Z" , "level": "info", "message": "GET /api/cocktails/ingredients 304 - - 3.225 ms"},
{"timeStamp": "2022-04-18T00:57:01.262Z" , "level": "info", "message": "GET /api/cocktails/ingredients 304 - - 0.204 ms"},
{"timeStamp": "2022-04-18T00:57:01.267Z" , "level": "info", "message": "GET /api/cocktails/by_ingredients 304 - - 3.203 ms"},
{"timeStamp": "2022-04-18T00:57:01.272Z" , "level": "info", "message": "GET /api/cocktails/by_ingredients 304 - - 3.043 ms"},
{"timeStamp": "2022-04-18T00:57:02.560Z" , "level": "info", "message": "GET /static/resized/old_fashioned.png 304 - - 0.519 ms"},
{"timeStamp": "2022-04-18T00:57:02.560Z" , "level": "info", "message": "GET /static/resized/acadia_2.png 304 - - 0.375 ms"},
{"timeStamp": "2022-04-18T00:57:02.563Z" , "level": "info", "message": "GET /api/cocktails 304 - - 0.810 ms"},
{"timeStamp": "2022-04-18T00:57:02.565Z" , "level": "info", "message": "GET /api/cocktails 304 - - 1.575 ms"},
{"timeStamp": "2022-04-18T00:57:02.570Z" , "level": "info", "message": "GET /static/resized/dark_n_stormy.png 304 - - 0.522 ms"},
{"timeStamp": "2022-04-18T00:57:02.571Z" , "level": "info", "message": "GET /api/cocktails/ingredients 304 - - 0.941 ms"},
{"timeStamp": "2022-04-18T00:57:02.577Z" , "level": "info", "message": "GET /api/cocktails/ingredients 304 - - 0.327 ms"},
{"timeStamp": "2022-04-18T00:57:02.584Z" , "level": "info", "message": "GET /api/cocktails/by_ingredients 304 - - 3.250 ms"},
{"timeStamp": "2022-04-18T00:57:02.590Z" , "level": "info", "message": "GET /api/cocktails/by_ingredients 304 - - 1.503 ms"},
