{"level":"info","message":"GET /static/resized/zion_4.png 200 84765 - 2.579 ms","timestamp":"2022-05-16T00:50:31.833Z"}
{"level":"info","message":"GET /api/parks/1 200 1556 - 47.241 ms","timestamp":"2022-05-16T00:50:31.882Z"}
{"level":"info","message":"GET /api/parks/1 304 - - 0.491 ms","timestamp":"2022-05-16T00:50:31.884Z"}
{"level":"info","message":"GET /static/resized/zion_4.png 304 - - 1.452 ms","timestamp":"2022-05-16T00:50:36.694Z"}
{"level":"info","message":"GET /api/parks/1 304 - - 1.225 ms","timestamp":"2022-05-16T00:50:36.704Z"}
{"level":"info","message":"GET /api/parks/1 304 - - 0.281 ms","timestamp":"2022-05-16T00:50:36.706Z"}
{"level":"info","message":"GET /static/resized/zion_4.png 304 - - 0.657 ms","timestamp":"2022-05-16T00:50:39.312Z"}
{"level":"info","message":"GET /api/parks/1 304 - - 0.605 ms","timestamp":"2022-05-16T00:50:39.321Z"}
{"level":"info","message":"GET /api/parks/1 304 - - 0.612 ms","timestamp":"2022-05-16T00:50:39.323Z"}
{"level":"info","message":"GET /api/parks/random_park 200 2 - 4.049 ms","timestamp":"2022-05-16T00:54:28.381Z"}
{"level":"info","message":"GET /api/parks/random_park 304 - - 5.414 ms","timestamp":"2022-05-16T00:54:33.951Z"}
{"level":"info","message":"GET /api/parks/random_park 304 - - 1.160 ms","timestamp":"2022-05-16T00:54:35.272Z"}
{"level":"info","message":"GET /api/parks/random_park - - - - ms","timestamp":"2022-05-16T00:55:31.291Z"}
{"level":"info","message":"GET /static/resized/zion_4.png 304 - - 1.981 ms","timestamp":"2022-05-16T00:55:31.369Z"}
{"level":"info","message":"GET /api/parks/1 304 - - 18.314 ms","timestamp":"2022-05-16T00:55:31.399Z"}
{"level":"info","message":"GET /api/parks/1 304 - - 0.782 ms","timestamp":"2022-05-16T00:55:31.400Z"}
{"level":"info","message":"GET /api/parks/random_park - - - - ms","timestamp":"2022-05-16T00:55:53.255Z"}
{"level":"info","message":"GET /static/resized/zion_4.png 304 - - 3.308 ms","timestamp":"2022-05-16T00:55:53.339Z"}
{"level":"info","message":"GET /api/parks/1 304 - - 17.203 ms","timestamp":"2022-05-16T00:55:53.368Z"}
{"level":"info","message":"GET /api/parks/1 304 - - 0.467 ms","timestamp":"2022-05-16T00:55:53.370Z"}
{"level":"info","message":"GET /api/parks/random_park - - - - ms","timestamp":"2022-05-16T00:56:21.599Z"}
{"level":"info","message":"GET /static/resized/zion_4.png 304 - - 3.893 ms","timestamp":"2022-05-16T00:56:21.684Z"}
{"level":"info","message":"GET /api/parks/1 304 - - 15.170 ms","timestamp":"2022-05-16T00:56:21.701Z"}
{"level":"info","message":"GET /api/parks/1 304 - - 0.413 ms","timestamp":"2022-05-16T00:56:21.703Z"}
{"level":"info","message":"GET /static/resized/zion_4.png 304 - - 4.679 ms","timestamp":"2022-05-16T00:56:52.824Z"}
{"level":"info","message":"GET /api/parks/1 304 - - 29.148 ms","timestamp":"2022-05-16T00:56:52.855Z"}
{"level":"info","message":"GET /api/parks/1 304 - - 0.524 ms","timestamp":"2022-05-16T00:56:52.858Z"}
{"level":"info","message":"GET /static/resized/zion_4.png 304 - - 3.985 ms","timestamp":"2022-05-16T00:57:52.360Z"}
{"level":"info","message":"GET /api/parks/1 304 - - 27.048 ms","timestamp":"2022-05-16T00:57:52.391Z"}
{"level":"info","message":"GET /api/parks/1 304 - - 0.691 ms","timestamp":"2022-05-16T00:57:52.395Z"}
{"level":"info","message":"GET /api/parks/random_park 200 1600 - 37.539 ms","timestamp":"2022-05-16T01:00:19.792Z"}
{"level":"info","message":"GET /api/parks/random_park 200 1649 - 12.528 ms","timestamp":"2022-05-16T01:00:24.277Z"}
{"level":"info","message":"GET /api/parks/random_park 200 1678 - 28.770 ms","timestamp":"2022-05-16T01:00:25.791Z"}
{"level":"info","message":"GET /api/parks/random_park 200 1682 - 14.157 ms","timestamp":"2022-05-16T01:00:27.089Z"}
{"level":"info","message":"GET /api/parks/random_park 200 1632 - 14.659 ms","timestamp":"2022-05-16T01:00:27.874Z"}
{"level":"info","message":"GET /api/parks/random_park 200 1714 - 22.581 ms","timestamp":"2022-05-16T01:00:28.529Z"}
{"level":"info","message":"GET /api/parks/random_park 200 1751 - 14.439 ms","timestamp":"2022-05-16T01:00:29.184Z"}
{"level":"info","message":"GET /api/parks/random_park 304 - - 7.847 ms","timestamp":"2022-05-16T01:00:29.525Z"}
{"level":"info","message":"GET /api/parks/random_park 200 1845 - 12.700 ms","timestamp":"2022-05-16T01:00:29.751Z"}
{"level":"info","message":"GET /api/parks/random_park 200 1596 - 12.757 ms","timestamp":"2022-05-16T01:00:29.971Z"}
{"level":"info","message":"GET /api/parks/random_park 200 1596 - 13.383 ms","timestamp":"2022-05-16T01:00:30.527Z"}
{"level":"info","message":"GET /api/parks/random_park 200 1706 - 17.884 ms","timestamp":"2022-05-16T01:00:30.782Z"}
{"level":"info","message":"GET /api/parks/random_park 200 1892 - 13.512 ms","timestamp":"2022-05-16T01:00:30.997Z"}
{"level":"info","message":"GET /api/parks/random_park 200 1596 - 7.225 ms","timestamp":"2022-05-16T01:00:31.516Z"}
{"level":"info","message":"GET /api/parks/random_park 200 1682 - 14.966 ms","timestamp":"2022-05-16T01:00:32.101Z"}
{"level":"info","message":"GET /api/parks/random_park 200 1673 - 13.150 ms","timestamp":"2022-05-16T01:00:32.561Z"}
{"level":"info","message":"GET /api/parks/random_park 200 1623 - 14.823 ms","timestamp":"2022-05-16T01:00:33.098Z"}
{"level":"info","message":"GET /api/parks/random_park 200 1584 - 13.395 ms","timestamp":"2022-05-16T01:00:33.564Z"}
{"level":"info","message":"GET /api/parks/random_park 200 1713 - 10.993 ms","timestamp":"2022-05-16T01:00:34.073Z"}
{"level":"info","message":"GET /api/parks/random_park 200 1751 - 7.028 ms","timestamp":"2022-05-16T01:00:34.523Z"}
{"level":"info","message":"GET /api/parks/random_park 200 1625 - 14.237 ms","timestamp":"2022-05-16T01:00:34.983Z"}
{"level":"info","message":"GET /api/parks/random_park 200 1660 - 13.580 ms","timestamp":"2022-05-16T01:00:35.466Z"}
{"level":"info","message":"GET /api/parks/random_park 200 1691 - 16.332 ms","timestamp":"2022-05-16T01:00:35.923Z"}
{"level":"info","message":"GET /api/parks/random_park 200 1713 - 13.682 ms","timestamp":"2022-05-16T01:00:36.418Z"}
{"level":"info","message":"GET /api/parks/random_park 200 2067 - 17.954 ms","timestamp":"2022-05-16T01:00:36.973Z"}
{"level":"info","message":"GET /api/parks/random_park 200 1713 - 6.947 ms","timestamp":"2022-05-16T01:00:37.486Z"}
{"level":"info","message":"GET /api/parks/random_park 200 1691 - 6.749 ms","timestamp":"2022-05-16T01:00:37.944Z"}
{"level":"info","message":"GET /api/parks/random_park 200 1713 - 5.805 ms","timestamp":"2022-05-16T01:00:38.454Z"}
{"level":"info","message":"GET /api/parks/random_park 200 1674 - 25.389 ms","timestamp":"2022-05-16T01:00:39.007Z"}
{"level":"info","message":"GET /api/parks/random_park 200 1935 - 16.445 ms","timestamp":"2022-05-16T01:00:40.000Z"}
{"level":"info","message":"GET /api/parks/random_park 200 1880 - 21.387 ms","timestamp":"2022-05-16T01:00:40.544Z"}
{"level":"info","message":"GET /api/parks/random_park 200 1713 - 8.490 ms","timestamp":"2022-05-16T01:00:41.030Z"}
{"level":"info","message":"GET /api/parks/random_park 304 - - 7.315 ms","timestamp":"2022-05-16T01:00:41.497Z"}
{"level":"info","message":"GET /api/parks/random_park 200 1751 - 8.459 ms","timestamp":"2022-05-16T01:00:42.752Z"}
{"level":"info","message":"GET /api/parks/random_park 200 1600 - 12.058 ms","timestamp":"2022-05-16T01:01:20.966Z"}
{"level":"info","message":"GET /api/parks/random_park 200 1649 - 6.662 ms","timestamp":"2022-05-16T01:01:22.114Z"}
{"level":"info","message":"GET /api/parks/random_park 200 1584 - 38.449 ms","timestamp":"2022-05-16T01:01:22.743Z"}
{"level":"info","message":"GET /api/parks/random_park 200 1676 - 15.397 ms","timestamp":"2022-05-16T01:01:23.426Z"}
{"level":"info","message":"GET /api/parks/random_park 200 1768 - 23.533 ms","timestamp":"2022-05-16T01:01:24.000Z"}
{"level":"info","message":"GET /api/parks/random_park 200 1615 - 16.674 ms","timestamp":"2022-05-16T01:01:24.484Z"}
{"level":"info","message":"GET /api/parks/random_park 200 1649 - 3.778 ms","timestamp":"2022-05-16T01:01:24.896Z"}
{"level":"info","message":"GET /api/parks/random_park 200 1578 - 18.444 ms","timestamp":"2022-05-16T01:01:25.552Z"}
{"level":"info","message":"GET /api/parks/random_park 304 - - 8.544 ms","timestamp":"2022-05-16T01:01:26.108Z"}
{"level":"info","message":"GET /api/parks/random_park 200 1630 - 17.580 ms","timestamp":"2022-05-16T01:01:26.692Z"}
{"level":"info","message":"GET /api/parks/random_park 200 1623 - 36.641 ms","timestamp":"2022-05-16T01:01:27.596Z"}
{"level":"info","message":"GET /api/parks/random_park 200 1678 - 7.163 ms","timestamp":"2022-05-16T01:01:28.159Z"}
{"level":"info","message":"GET /api/parks/random_park 200 1623 - 6.585 ms","timestamp":"2022-05-16T01:01:28.676Z"}
{"level":"info","message":"GET /api/parks/random_park 200 1751 - 10.131 ms","timestamp":"2022-05-16T01:01:29.161Z"}
{"level":"info","message":"GET /api/parks/random_park 200 1887 - 20.173 ms","timestamp":"2022-05-16T01:01:29.687Z"}
{"level":"info","message":"GET /api/parks/random_park 200 1721 - 12.782 ms","timestamp":"2022-05-16T01:01:30.370Z"}
{"level":"info","message":"GET /api/parks/random_park 200 1880 - 5.715 ms","timestamp":"2022-05-16T01:01:30.904Z"}
{"level":"info","message":"GET /api/parks/random_park 200 1892 - 6.399 ms","timestamp":"2022-05-16T01:01:31.478Z"}
{"level":"info","message":"GET /api/parks/random_park 200 1660 - 7.415 ms","timestamp":"2022-05-16T01:01:31.938Z"}
{"level":"info","message":"GET /api/parks/random_park 200 1584 - 6.610 ms","timestamp":"2022-05-16T01:01:32.496Z"}
{"level":"info","message":"GET /api/parks/random_park 200 1674 - 8.310 ms","timestamp":"2022-05-16T01:01:33.251Z"}
{"level":"info","message":"GET /api/parks/random_park 200 1666 - 19.408 ms","timestamp":"2022-05-16T01:01:34.075Z"}
{"level":"info","message":"GET /api/parks/random_park 200 1752 - 19.003 ms","timestamp":"2022-05-16T01:01:35.053Z"}
{"level":"info","message":"GET /api/parks/random_park 200 1803 - 10.540 ms","timestamp":"2022-05-16T01:01:35.755Z"}
{"level":"info","message":"GET /api/parks/random_park 200 1625 - 7.146 ms","timestamp":"2022-05-16T01:01:36.307Z"}
{"level":"info","message":"GET /api/parks/random_park 200 1676 - 5.866 ms","timestamp":"2022-05-16T01:01:36.851Z"}
{"level":"info","message":"GET /api/parks/random_park 200 1880 - 9.409 ms","timestamp":"2022-05-16T01:01:37.442Z"}
{"level":"info","message":"GET /api/parks/random_park 200 1615 - 13.543 ms","timestamp":"2022-05-16T01:01:37.977Z"}
{"level":"info","message":"GET /api/parks/random_park 200 1681 - 12.903 ms","timestamp":"2022-05-16T01:01:38.808Z"}
{"level":"info","message":"GET /api/parks/random_park 200 1667 - 12.343 ms","timestamp":"2022-05-16T01:01:39.726Z"}
{"level":"info","message":"GET /api/parks/random_park 200 2351 - 20.370 ms","timestamp":"2022-05-16T01:01:40.316Z"}
{"level":"info","message":"GET /api/parks/random_park 200 1680 - 8.834 ms","timestamp":"2022-05-16T01:01:40.748Z"}
{"level":"info","message":"GET /api/parks/random_park 200 1681 - 7.667 ms","timestamp":"2022-05-16T01:01:40.925Z"}
{"level":"info","message":"GET /api/parks/random_park 200 1768 - 5.632 ms","timestamp":"2022-05-16T01:01:41.146Z"}
{"level":"info","message":"GET /api/parks/random_park 200 1748 - 16.120 ms","timestamp":"2022-05-16T01:01:41.352Z"}
{"level":"info","message":"GET /api/parks/random_park 200 1716 - 14.657 ms","timestamp":"2022-05-16T01:01:41.533Z"}
{"level":"info","message":"GET /api/parks/random_park 200 1668 - 11.385 ms","timestamp":"2022-05-16T01:01:41.750Z"}
{"level":"info","message":"GET /api/parks/random_park 200 2351 - 6.431 ms","timestamp":"2022-05-16T01:01:42.279Z"}
{"level":"info","message":"GET /api/parks/random_park 200 1599 - 22.642 ms","timestamp":"2022-05-16T01:01:42.493Z"}
{"level":"info","message":"GET /api/parks/random_park 200 1578 - 7.814 ms","timestamp":"2022-05-16T01:01:42.675Z"}
{"level":"info","message":"GET /api/parks/random_park 200 1716 - 7.677 ms","timestamp":"2022-05-16T01:01:42.861Z"}
{"level":"info","message":"GET /api/parks/random_park 200 1845 - 6.275 ms","timestamp":"2022-05-16T01:01:43.049Z"}
{"level":"info","message":"GET /api/parks/random_park 200 1556 - 13.626 ms","timestamp":"2022-05-16T01:01:43.261Z"}
{"level":"info","message":"GET /api/parks/random_park 200 1621 - 12.308 ms","timestamp":"2022-05-16T01:01:43.448Z"}
{"level":"info","message":"GET /api/parks/random_park 200 1615 - 6.254 ms","timestamp":"2022-05-16T01:01:43.624Z"}
{"level":"info","message":"GET /api/parks/random_park 200 1999 - 20.424 ms","timestamp":"2022-05-16T01:01:43.842Z"}
{"level":"info","message":"GET /api/parks/random_park 200 1935 - 5.996 ms","timestamp":"2022-05-16T01:01:44.025Z"}
{"level":"info","message":"GET /api/parks/random_park 200 1887 - 7.700 ms","timestamp":"2022-05-16T01:01:44.232Z"}
{"level":"info","message":"GET /api/parks/random_park 200 1714 - 5.399 ms","timestamp":"2022-05-16T01:01:44.435Z"}
{"level":"info","message":"GET /api/parks/random_park 200 1668 - 6.929 ms","timestamp":"2022-05-16T01:01:44.627Z"}
{"level":"info","message":"GET /api/parks/random_park 200 1567 - 14.879 ms","timestamp":"2022-05-16T01:01:44.847Z"}
{"level":"info","message":"GET /api/parks/random_park 200 1621 - 7.673 ms","timestamp":"2022-05-16T01:01:45.036Z"}
{"level":"info","message":"GET /api/parks/random_park 200 1556 - 7.741 ms","timestamp":"2022-05-16T01:01:45.226Z"}
{"level":"info","message":"GET /api/parks/random_park 200 1655 - 13.589 ms","timestamp":"2022-05-16T01:01:45.418Z"}
{"level":"info","message":"GET /api/parks/random_park 200 1768 - 5.665 ms","timestamp":"2022-05-16T01:01:46.519Z"}
{"level":"info","message":"GET /api/parks/random_park 200 1623 - 6.283 ms","timestamp":"2022-05-16T01:01:47.060Z"}
{"level":"info","message":"GET /api/parks/random_park 200 1721 - 7.690 ms","timestamp":"2022-05-16T01:01:47.243Z"}
{"level":"info","message":"GET /api/parks/random_park 200 1621 - 12.058 ms","timestamp":"2022-05-16T01:01:47.746Z"}
{"level":"info","message":"GET /api/parks/random_park 200 1596 - 8.184 ms","timestamp":"2022-05-16T01:01:47.930Z"}
{"level":"info","message":"GET /api/parks/random_park 200 1701 - 14.808 ms","timestamp":"2022-05-16T01:01:48.160Z"}
{"level":"info","message":"GET /api/parks/random_park 200 2067 - 6.837 ms","timestamp":"2022-05-16T01:01:49.129Z"}
{"level":"info","message":"GET /api/parks/random_park 200 1567 - 7.872 ms","timestamp":"2022-05-16T01:01:49.760Z"}
{"level":"info","message":"GET /api/parks/random_park 200 1701 - 5.928 ms","timestamp":"2022-05-16T01:01:49.957Z"}
{"level":"info","message":"GET /api/parks/random_park 200 1578 - 11.563 ms","timestamp":"2022-05-16T01:01:50.485Z"}
{"level":"info","message":"GET /api/parks/random_park 200 1660 - 12.433 ms","timestamp":"2022-05-16T01:01:50.914Z"}
{"level":"info","message":"GET /api/parks/random_park 200 1678 - 5.724 ms","timestamp":"2022-05-16T01:01:51.366Z"}
{"level":"info","message":"GET /api/parks/random_park 200 1681 - 5.664 ms","timestamp":"2022-05-16T01:01:51.562Z"}
{"level":"info","message":"GET /api/parks/random_park 200 1599 - 6.930 ms","timestamp":"2022-05-16T01:01:51.776Z"}
{"level":"info","message":"GET /api/parks/random_park 200 1803 - 5.731 ms","timestamp":"2022-05-16T01:01:52.587Z"}
{"level":"info","message":"GET /api/parks/random_park 200 1623 - 6.445 ms","timestamp":"2022-05-16T01:01:53.227Z"}
{"level":"info","message":"GET /api/parks/random_park 304 - - 7.364 ms","timestamp":"2022-05-16T01:01:54.015Z"}
{"level":"info","message":"GET /api/parks/random_park 200 1751 - 6.608 ms","timestamp":"2022-05-16T01:01:54.764Z"}
{"level":"info","message":"GET /api/parks/random_park 200 1680 - 7.121 ms","timestamp":"2022-05-16T01:01:55.862Z"}
{"level":"info","message":"GET /api/parks/random_park 200 1701 - 6.657 ms","timestamp":"2022-05-16T01:01:56.886Z"}
{"level":"info","message":"GET /api/parks/random_park 200 1768 - 6.871 ms","timestamp":"2022-05-16T01:01:57.509Z"}
{"level":"info","message":"GET /api/parks/random_park 200 1649 - 7.227 ms","timestamp":"2022-05-16T01:01:58.118Z"}
{"level":"info","message":"GET /api/parks/random_park 200 1667 - 19.536 ms","timestamp":"2022-05-16T01:01:58.612Z"}
{"level":"info","message":"GET /api/parks/random_park 200 1600 - 10.448 ms","timestamp":"2022-05-16T01:01:59.031Z"}
{"level":"info","message":"GET /api/parks/random_park 200 1584 - 5.380 ms","timestamp":"2022-05-16T01:01:59.549Z"}
{"level":"info","message":"GET /api/parks/random_park 200 1649 - 7.915 ms","timestamp":"2022-05-16T01:01:59.970Z"}
{"level":"info","message":"GET /api/parks/random_park 200 1584 - 6.478 ms","timestamp":"2022-05-16T01:02:00.396Z"}
{"level":"info","message":"GET /api/parks/random_park 200 1567 - 7.864 ms","timestamp":"2022-05-16T01:02:00.858Z"}
{"level":"info","message":"GET /api/parks/random_park 304 - - 5.620 ms","timestamp":"2022-05-16T01:02:01.092Z"}
{"level":"info","message":"GET /api/parks/random_park 200 1681 - 6.581 ms","timestamp":"2022-05-16T01:02:01.381Z"}
{"level":"info","message":"GET /api/parks/random_park 200 1844 - 16.621 ms","timestamp":"2022-05-16T01:02:01.669Z"}
{"level":"info","message":"GET /api/parks/random_park 200 1701 - 6.786 ms","timestamp":"2022-05-16T01:02:01.906Z"}
{"level":"info","message":"GET /api/parks/random_park 200 1660 - 5.211 ms","timestamp":"2022-05-16T01:02:02.151Z"}
{"level":"info","message":"GET /api/parks/random_park 304 - - 6.947 ms","timestamp":"2022-05-16T01:02:02.406Z"}
{"level":"info","message":"GET /api/parks/random_park 200 1681 - 8.177 ms","timestamp":"2022-05-16T01:02:02.612Z"}
{"level":"info","message":"GET /api/parks/random_park 200 1621 - 5.692 ms","timestamp":"2022-05-16T01:02:02.863Z"}
{"level":"info","message":"GET /api/parks/random_park 200 1570 - 16.212 ms","timestamp":"2022-05-16T01:02:03.965Z"}
{"level":"info","message":"GET /api/parks/random_park 200 1892 - 7.814 ms","timestamp":"2022-05-16T01:02:04.661Z"}
{"level":"info","message":"GET /api/parks/random_park 200 1649 - 5.937 ms","timestamp":"2022-05-16T01:02:05.249Z"}
{"level":"info","message":"GET /api/parks/random_park 200 1592 - 8.050 ms","timestamp":"2022-05-16T01:02:05.719Z"}
{"level":"info","message":"GET /api/parks/random_park 200 1567 - 5.927 ms","timestamp":"2022-05-16T01:02:06.303Z"}
{"level":"info","message":"GET /api/parks/random_park 200 1721 - 6.011 ms","timestamp":"2022-05-16T01:02:06.866Z"}
{"level":"info","message":"GET /static/resized/zion_4.png 304 - - 1.683 ms","timestamp":"2022-05-16T01:02:48.011Z"}
{"level":"info","message":"GET /api/parks/1 304 - - 32.711 ms","timestamp":"2022-05-16T01:02:48.050Z"}
{"level":"info","message":"GET /api/parks/1 304 - - 0.420 ms","timestamp":"2022-05-16T01:02:48.051Z"}
{"level":"info","message":"GET /api/parks/random_park 200 1570 - 15.961 ms","timestamp":"2022-05-16T01:02:52.507Z"}
{"level":"info","message":"GET /api/parks/random_park 200 1701 - 6.077 ms","timestamp":"2022-05-16T01:02:55.079Z"}
{"level":"info","message":"GET /api/parks/random_park 200 1578 - 6.182 ms","timestamp":"2022-05-16T01:02:55.631Z"}
{"level":"info","message":"GET /api/parks/random_park 200 1680 - 6.221 ms","timestamp":"2022-05-16T01:02:56.115Z"}
{"level":"info","message":"GET /api/parks/random_park 200 1999 - 5.398 ms","timestamp":"2022-05-16T01:02:56.327Z"}
{"level":"info","message":"GET /api/parks/random_park 200 1655 - 17.410 ms","timestamp":"2022-05-16T01:02:56.527Z"}
{"level":"info","message":"GET /api/parks/random_park 200 1567 - 4.974 ms","timestamp":"2022-05-16T01:02:56.694Z"}
{"level":"info","message":"GET /api/parks/random_park 200 1935 - 5.198 ms","timestamp":"2022-05-16T01:02:56.867Z"}
{"level":"info","message":"GET /api/parks/random_park 200 1703 - 18.818 ms","timestamp":"2022-05-16T01:02:57.045Z"}
{"level":"info","message":"GET /api/parks/random_park 200 1676 - 5.567 ms","timestamp":"2022-05-16T01:02:57.211Z"}
{"level":"info","message":"GET /api/parks/random_park 200 1655 - 4.866 ms","timestamp":"2022-05-16T01:02:57.383Z"}
{"level":"info","message":"GET /api/parks/random_park 200 1567 - 5.200 ms","timestamp":"2022-05-16T01:02:57.581Z"}
{"level":"info","message":"GET /api/parks/random_park 200 1680 - 6.324 ms","timestamp":"2022-05-16T01:02:57.753Z"}
{"level":"info","message":"GET /api/parks/random_park 200 1621 - 5.133 ms","timestamp":"2022-05-16T01:02:57.933Z"}
{"level":"info","message":"GET /api/parks/random_park 200 1714 - 6.179 ms","timestamp":"2022-05-16T01:02:58.131Z"}
{"level":"info","message":"GET /api/parks/random_park 200 1678 - 5.362 ms","timestamp":"2022-05-16T01:02:58.311Z"}
{"level":"info","message":"GET /api/parks/random_park 200 1623 - 6.048 ms","timestamp":"2022-05-16T01:02:58.485Z"}
{"level":"info","message":"GET /api/parks/random_park 200 1691 - 5.301 ms","timestamp":"2022-05-16T01:02:58.661Z"}
{"level":"info","message":"GET /api/parks/random_park 200 1600 - 5.746 ms","timestamp":"2022-05-16T01:02:58.842Z"}
{"level":"info","message":"GET /api/parks/random_park 200 1752 - 4.661 ms","timestamp":"2022-05-16T01:02:59.014Z"}
{"level":"info","message":"GET /api/parks/random_park 200 1667 - 4.791 ms","timestamp":"2022-05-16T01:02:59.195Z"}
{"level":"info","message":"GET /api/parks/random_park 200 1596 - 4.423 ms","timestamp":"2022-05-16T01:02:59.388Z"}
{"level":"info","message":"GET /api/parks/random_park 200 1625 - 4.952 ms","timestamp":"2022-05-16T01:02:59.575Z"}
{"level":"info","message":"GET /api/parks/random_park 200 1570 - 4.628 ms","timestamp":"2022-05-16T01:02:59.748Z"}
{"level":"info","message":"GET /api/parks/random_park 200 1844 - 5.725 ms","timestamp":"2022-05-16T01:02:59.935Z"}
{"level":"info","message":"GET /api/parks/random_park 200 1681 - 4.644 ms","timestamp":"2022-05-16T01:03:00.114Z"}
{"level":"info","message":"GET /api/parks/random_park 200 1768 - 4.767 ms","timestamp":"2022-05-16T01:03:00.305Z"}
{"level":"info","message":"GET /api/parks/random_park 200 1584 - 5.154 ms","timestamp":"2022-05-16T01:03:00.501Z"}
{"level":"info","message":"GET /api/parks/random_park 200 1701 - 4.894 ms","timestamp":"2022-05-16T01:03:00.705Z"}
{"level":"info","message":"GET /api/parks/random_park 200 1596 - 4.667 ms","timestamp":"2022-05-16T01:03:00.895Z"}
{"level":"info","message":"GET /api/parks/random_park 200 1649 - 4.853 ms","timestamp":"2022-05-16T01:03:01.083Z"}
{"level":"info","message":"GET /api/parks/random_park 200 1768 - 5.373 ms","timestamp":"2022-05-16T01:03:01.271Z"}
{"level":"info","message":"GET /api/parks/random_park 200 1621 - 4.954 ms","timestamp":"2022-05-16T01:03:01.452Z"}
{"level":"info","message":"GET /api/parks/random_park 200 1768 - 7.216 ms","timestamp":"2022-05-16T01:03:01.626Z"}
{"level":"info","message":"GET /api/parks/random_park 200 2067 - 8.865 ms","timestamp":"2022-05-16T01:03:01.809Z"}
{"level":"info","message":"GET /api/parks/random_park 200 1621 - 4.516 ms","timestamp":"2022-05-16T01:03:01.983Z"}
{"level":"info","message":"GET /api/parks/random_park 200 1751 - 4.953 ms","timestamp":"2022-05-16T01:03:02.158Z"}
{"level":"info","message":"GET /api/parks/random_park 200 2067 - 4.322 ms","timestamp":"2022-05-16T01:03:02.331Z"}
{"level":"info","message":"GET /api/parks/random_park 200 1887 - 5.553 ms","timestamp":"2022-05-16T01:03:02.519Z"}
{"level":"info","message":"GET /api/parks/random_park 200 1655 - 5.489 ms","timestamp":"2022-05-16T01:03:02.691Z"}
{"level":"info","message":"GET /api/parks/random_park 200 1681 - 4.967 ms","timestamp":"2022-05-16T01:03:02.870Z"}
{"level":"info","message":"GET /api/parks/random_park 200 1678 - 6.267 ms","timestamp":"2022-05-16T01:03:03.061Z"}
{"level":"info","message":"GET /api/parks/random_park 200 1592 - 5.838 ms","timestamp":"2022-05-16T01:03:03.240Z"}
{"level":"info","message":"GET /api/parks/random_park 200 1682 - 4.612 ms","timestamp":"2022-05-16T01:03:03.419Z"}
{"level":"info","message":"GET /api/parks/random_park 200 1676 - 4.738 ms","timestamp":"2022-05-16T01:03:03.599Z"}
{"level":"info","message":"GET /api/parks/random_park 304 - - 5.011 ms","timestamp":"2022-05-16T01:03:03.799Z"}
{"level":"info","message":"GET /api/parks/random_park 200 1682 - 5.091 ms","timestamp":"2022-05-16T01:03:03.988Z"}
{"level":"info","message":"GET /api/parks/random_park 200 1930 - 13.662 ms","timestamp":"2022-05-16T01:03:04.191Z"}
{"level":"info","message":"GET /api/parks/random_park 200 1768 - 5.250 ms","timestamp":"2022-05-16T01:03:04.380Z"}
{"level":"info","message":"GET /static/resized/zion_4.png 304 - - 3.783 ms","timestamp":"2022-05-16T01:06:27.856Z"}
{"level":"info","message":"GET /api/parks/1 304 - - 22.351 ms","timestamp":"2022-05-16T01:06:27.883Z"}
{"level":"info","message":"GET /api/parks/1 304 - - 3.825 ms","timestamp":"2022-05-16T01:06:27.888Z"}
{"level":"info","message":"GET /static/resized/zion_4.png 304 - - 5.996 ms","timestamp":"2022-05-16T01:06:46.766Z"}
{"level":"info","message":"GET /api/parks/1 304 - - 17.730 ms","timestamp":"2022-05-16T01:06:46.780Z"}
{"level":"info","message":"GET /api/parks/1 304 - - 9.272 ms","timestamp":"2022-05-16T01:06:46.790Z"}
{"level":"info","message":"GET /static/resized/zion_4.png 304 - - 0.462 ms","timestamp":"2022-05-16T01:06:48.657Z"}
{"level":"info","message":"GET /api/parks/1 304 - - 12.009 ms","timestamp":"2022-05-16T01:06:48.678Z"}
{"level":"info","message":"GET /api/parks/1 304 - - 4.367 ms","timestamp":"2022-05-16T01:06:48.683Z"}
{"level":"info","message":"GET /static/resized/zion_4.png 304 - - 0.449 ms","timestamp":"2022-05-16T01:06:50.409Z"}
{"level":"info","message":"GET /api/parks/1 304 - - 5.742 ms","timestamp":"2022-05-16T01:06:50.421Z"}
{"level":"info","message":"GET /api/parks/1 304 - - 5.341 ms","timestamp":"2022-05-16T01:06:50.428Z"}
{"level":"info","message":"GET /static/resized/zion_4.png 304 - - 0.425 ms","timestamp":"2022-05-16T01:06:52.414Z"}
{"level":"info","message":"GET /api/parks/1 304 - - 7.006 ms","timestamp":"2022-05-16T01:06:52.428Z"}
{"level":"info","message":"GET /api/parks/1 304 - - 4.521 ms","timestamp":"2022-05-16T01:06:52.434Z"}
{"level":"info","message":"GET /static/resized/zion_4.png 304 - - 0.409 ms","timestamp":"2022-05-16T01:06:53.598Z"}
{"level":"info","message":"GET /api/parks/1 304 - - 7.885 ms","timestamp":"2022-05-16T01:06:53.614Z"}
{"level":"info","message":"GET /api/parks/1 304 - - 2.960 ms","timestamp":"2022-05-16T01:06:53.619Z"}
{"level":"info","message":"GET /static/resized/zion_4.png 304 - - 3.898 ms","timestamp":"2022-05-16T01:08:53.167Z"}
{"level":"info","message":"GET /api/parks/1 304 - - 30.775 ms","timestamp":"2022-05-16T01:08:53.194Z"}
{"level":"info","message":"GET /api/parks/1 304 - - 4.226 ms","timestamp":"2022-05-16T01:08:53.199Z"}
{"level":"info","message":"GET /api/parks/random_picture 200 32 - 39.621 ms","timestamp":"2022-05-16T01:09:00.215Z"}
{"level":"info","message":"GET /static/resized/badlands_2.png 200 121443 - 3.231 ms","timestamp":"2022-05-16T01:09:00.226Z"}
{"level":"info","message":"GET /api/parks/random_park 304 - - 9.744 ms","timestamp":"2022-05-16T01:09:02.649Z"}
{"level":"info","message":"GET /static/resized/acadia_2.png 304 - - 2.430 ms","timestamp":"2022-05-16T01:09:07.601Z"}
{"level":"info","message":"GET /static/resized/old_fashioned.png 304 - - 2.222 ms","timestamp":"2022-05-16T01:09:07.601Z"}
{"level":"info","message":"GET /api/parks/1 304 - - 9.131 ms","timestamp":"2022-05-16T01:13:26.618Z"}
{"level":"info","message":"GET /api/parks/1 304 - - 9.881 ms","timestamp":"2022-05-16T01:13:26.631Z"}
{"level":"info","message":"GET /api/parks/random_picture 200 33 - 33.803 ms","timestamp":"2022-05-16T01:13:32.122Z"}
{"level":"info","message":"GET /static/resized/pinnacles_5.png 200 93859 - 4.661 ms","timestamp":"2022-05-16T01:13:32.140Z"}
{"level":"info","message":"GET /api/parks/random_picture 200 36 - 22.679 ms","timestamp":"2022-05-16T01:13:34.989Z"}
{"level":"info","message":"GET /static/resized/kings_canyon_3.png 200 70922 - 2.074 ms","timestamp":"2022-05-16T01:13:34.999Z"}
{"level":"info","message":"GET /api/parks/random_picture 200 35 - 14.522 ms","timestamp":"2022-05-16T01:13:35.968Z"}
{"level":"info","message":"GET /static/resized/joshua_tree_2.png 200 73345 - 1.842 ms","timestamp":"2022-05-16T01:13:35.979Z"}
{"level":"info","message":"GET /api/parks/random_picture 200 42 - 10.714 ms","timestamp":"2022-05-16T01:13:36.751Z"}
{"level":"info","message":"GET /static/resized/theodore_roosevelt_2.png 200 71952 - 2.758 ms","timestamp":"2022-05-16T01:13:36.762Z"}
{"level":"info","message":"GET /api/parks/random_picture 200 33 - 12.251 ms","timestamp":"2022-05-16T01:13:37.288Z"}
{"level":"info","message":"GET /static/resized/pinnacles_2.png 200 122100 - 1.401 ms","timestamp":"2022-05-16T01:13:37.297Z"}
{"level":"info","message":"GET /api/parks/random_picture 200 36 - 21.953 ms","timestamp":"2022-05-16T01:13:37.862Z"}
{"level":"info","message":"GET /static/resized/bryce_canyon_1.png 200 59175 - 4.440 ms","timestamp":"2022-05-16T01:13:37.872Z"}
{"level":"info","message":"GET /api/parks/random_picture 200 35 - 10.702 ms","timestamp":"2022-05-16T01:13:38.442Z"}
{"level":"info","message":"GET /static/resized/crater_lake_2.png 200 68552 - 2.135 ms","timestamp":"2022-05-16T01:13:38.451Z"}
{"level":"info","message":"GET /api/parks/random_picture 200 33 - 34.265 ms","timestamp":"2022-05-16T01:13:39.160Z"}
{"level":"info","message":"GET /static/resized/pinnacles_3.png 200 71566 - 0.928 ms","timestamp":"2022-05-16T01:13:39.169Z"}
{"level":"info","message":"GET /api/parks/random_picture 200 36 - 13.763 ms","timestamp":"2022-05-16T01:13:39.806Z"}
{"level":"info","message":"GET /api/parks/random_picture 200 40 - 16.904 ms","timestamp":"2022-05-16T01:13:44.476Z"}
{"level":"info","message":"GET /static/resized/great_sand_dunes_3.png 200 41040 - 4.894 ms","timestamp":"2022-05-16T01:13:44.490Z"}
{"level":"info","message":"GET /api/parks/random_picture 200 36 - 13.833 ms","timestamp":"2022-05-16T01:13:45.848Z"}
{"level":"info","message":"GET /static/resized/kenai_fjords_1.png 200 57004 - 1.684 ms","timestamp":"2022-05-16T01:13:45.856Z"}
{"level":"info","message":"GET /api/parks/random_picture 200 43 - 12.674 ms","timestamp":"2022-05-16T01:13:46.978Z"}
{"level":"info","message":"GET /static/resized/gates_of_the_arctic_1.png 200 65746 - 2.420 ms","timestamp":"2022-05-16T01:13:46.987Z"}
{"level":"info","message":"GET /api/parks/random_picture 200 40 - 11.217 ms","timestamp":"2022-05-16T01:13:48.897Z"}
{"level":"info","message":"GET /static/resized/hawaii_volcanoes_2.png 200 60659 - 2.909 ms","timestamp":"2022-05-16T01:13:48.906Z"}
{"level":"info","message":"GET /api/parks/random_picture 200 39 - 10.674 ms","timestamp":"2022-05-16T01:13:49.700Z"}
{"level":"info","message":"GET /static/resized/channel_islands_5.png 200 81074 - 2.014 ms","timestamp":"2022-05-16T01:13:49.708Z"}
{"level":"info","message":"GET /api/parks/random_picture 200 39 - 7.896 ms","timestamp":"2022-05-16T01:13:50.384Z"}
{"level":"info","message":"GET /static/resized/channel_islands_1.png 200 82248 - 1.513 ms","timestamp":"2022-05-16T01:13:50.392Z"}
{"level":"info","message":"GET /api/parks/random_picture 200 31 - 13.823 ms","timestamp":"2022-05-16T01:13:50.990Z"}
{"level":"info","message":"GET /static/resized/sequoia_5.png 200 110777 - 2.719 ms","timestamp":"2022-05-16T01:13:51.002Z"}
{"level":"info","message":"GET /api/parks/random_picture 200 31 - 11.676 ms","timestamp":"2022-05-16T01:13:51.629Z"}
{"level":"info","message":"GET /static/resized/sequoia_2.png 200 66196 - 1.425 ms","timestamp":"2022-05-16T01:13:51.638Z"}
{"level":"info","message":"GET /api/parks/random_picture 200 52 - 8.131 ms","timestamp":"2022-05-16T01:13:52.288Z"}
{"level":"info","message":"GET /static/resized/black_canyon_of_the_gunnison_3.png 200 93612 - 1.435 ms","timestamp":"2022-05-16T01:13:52.296Z"}
{"level":"info","message":"GET /api/parks/random_picture 200 36 - 7.572 ms","timestamp":"2022-05-16T01:13:52.901Z"}
{"level":"info","message":"GET /static/resized/mammoth_cave_3.png 200 57952 - 1.627 ms","timestamp":"2022-05-16T01:13:52.908Z"}
{"level":"info","message":"GET /api/parks/random_picture 200 38 - 8.827 ms","timestamp":"2022-05-16T01:13:53.595Z"}
{"level":"info","message":"GET /static/resized/virgin_islands_1.png 200 70311 - 1.209 ms","timestamp":"2022-05-16T01:13:53.602Z"}
{"level":"info","message":"GET /api/parks/random_picture 200 31 - 9.756 ms","timestamp":"2022-05-16T01:13:54.620Z"}
{"level":"info","message":"GET /static/resized/sequoia_4.png 200 116534 - 3.164 ms","timestamp":"2022-05-16T01:13:54.630Z"}
{"level":"info","message":"GET /api/parks/random_picture 200 38 - 6.930 ms","timestamp":"2022-05-16T01:13:55.420Z"}
{"level":"info","message":"GET /static/resized/north_cascades_1.png 200 65405 - 1.306 ms","timestamp":"2022-05-16T01:13:55.426Z"}
{"level":"info","message":"GET /api/parks/random_picture 200 35 - 3.669 ms","timestamp":"2022-05-16T01:13:56.735Z"}
{"level":"info","message":"GET /static/resized/dry_tortuga_3.png 200 61064 - 0.679 ms","timestamp":"2022-05-16T01:13:56.747Z"}
{"level":"info","message":"GET /api/parks/random_picture 200 35 - 7.727 ms","timestamp":"2022-05-16T01:13:57.381Z"}
{"level":"info","message":"GET /static/resized/great_basin_5.png 200 111220 - 1.350 ms","timestamp":"2022-05-16T01:13:57.389Z"}
{"level":"info","message":"GET /api/parks/random_picture 200 36 - 8.485 ms","timestamp":"2022-05-16T01:13:57.917Z"}
{"level":"info","message":"GET /static/resized/capitol_reef_2.png 200 87062 - 1.477 ms","timestamp":"2022-05-16T01:13:57.924Z"}
{"level":"info","message":"GET /api/parks/random_picture 200 32 - 7.612 ms","timestamp":"2022-05-16T01:13:58.604Z"}
{"level":"info","message":"GET /static/resized/biscayne_1.png 200 62850 - 1.397 ms","timestamp":"2022-05-16T01:13:58.611Z"}
{"level":"info","message":"GET /static/resized/acadia_2.png 304 - - 0.820 ms","timestamp":"2022-05-16T01:14:01.082Z"}
{"level":"info","message":"GET /static/resized/old_fashioned.png 304 - - 2.124 ms","timestamp":"2022-05-16T01:14:01.084Z"}
{"level":"info","message":"GET /static/resized/dark_n_stormy.png 200 94816 - 3.544 ms","timestamp":"2022-05-16T01:14:08.403Z"}
{"level":"info","message":"GET /api/cocktails 200 100244 - 96.914 ms","timestamp":"2022-05-16T01:14:08.493Z"}
{"level":"info","message":"GET /api/cocktails/ingredients 200 6800 - 2.666 ms","timestamp":"2022-05-16T01:14:08.500Z"}
{"level":"info","message":"GET /api/cocktails 304 - - 35.014 ms","timestamp":"2022-05-16T01:14:08.530Z"}
{"level":"info","message":"GET /api/cocktails/ingredients 304 - - 1.706 ms","timestamp":"2022-05-16T01:14:08.535Z"}
{"level":"info","message":"GET /api/cocktails/by_ingredients 200 161720 - 36.181 ms","timestamp":"2022-05-16T01:14:08.538Z"}
{"level":"info","message":"GET /api/cocktails/by_ingredients 304 - - 39.750 ms","timestamp":"2022-05-16T01:14:08.579Z"}
{"level":"info","message":"GET /static/resized/dark_n_stormy.png 304 - - 3.107 ms","timestamp":"2022-05-16T01:15:21.411Z"}
{"level":"info","message":"GET /api/cocktails 304 - - 85.747 ms","timestamp":"2022-05-16T01:15:21.502Z"}
{"level":"info","message":"GET /api/cocktails 304 - - 1.630 ms","timestamp":"2022-05-16T01:15:21.506Z"}
{"level":"info","message":"GET /api/cocktails/ingredients 304 - - 5.339 ms","timestamp":"2022-05-16T01:15:21.512Z"}
{"level":"info","message":"GET /api/cocktails/ingredients 304 - - 0.396 ms","timestamp":"2022-05-16T01:15:21.514Z"}
{"level":"info","message":"GET /api/cocktails/by_ingredients 304 - - 33.228 ms","timestamp":"2022-05-16T01:15:21.549Z"}
{"level":"info","message":"GET /api/cocktails/by_ingredients 304 - - 1.021 ms","timestamp":"2022-05-16T01:15:21.552Z"}
{"level":"info","message":"GET /static/resized/dark_n_stormy.png 304 - - 1.742 ms","timestamp":"2022-05-16T01:19:10.008Z"}
{"level":"info","message":"GET /api/cocktails 304 - - 65.672 ms","timestamp":"2022-05-16T01:19:10.087Z"}
{"level":"info","message":"GET /api/cocktails 304 - - 17.437 ms","timestamp":"2022-05-16T01:19:10.111Z"}
{"level":"info","message":"GET /api/cocktails/ingredients 304 - - 22.235 ms","timestamp":"2022-05-16T01:19:10.123Z"}
{"level":"info","message":"GET /api/cocktails/ingredients 304 - - 5.605 ms","timestamp":"2022-05-16T01:19:10.130Z"}
{"level":"info","message":"GET /api/cocktails/by_ingredients 304 - - 71.624 ms","timestamp":"2022-05-16T01:19:10.197Z"}
{"level":"info","message":"GET /api/cocktails/by_ingredients 304 - - 19.456 ms","timestamp":"2022-05-16T01:19:10.217Z"}
{"level":"info","message":"GET /static/resized/dark_n_stormy.png 304 - - 1.359 ms","timestamp":"2022-05-16T01:19:15.906Z"}
{"level":"info","message":"GET /api/cocktails 304 - - 23.537 ms","timestamp":"2022-05-16T01:19:15.937Z"}
{"level":"info","message":"GET /api/cocktails/ingredients 304 - - 16.758 ms","timestamp":"2022-05-16T01:19:15.957Z"}
{"level":"info","message":"GET /api/cocktails 304 - - 19.889 ms","timestamp":"2022-05-16T01:19:15.958Z"}
{"level":"info","message":"GET /api/cocktails/ingredients 304 - - 6.726 ms","timestamp":"2022-05-16T01:19:15.973Z"}
{"level":"info","message":"GET /api/cocktails/by_ingredients 304 - - 18.678 ms","timestamp":"2022-05-16T01:19:15.979Z"}
{"level":"info","message":"GET /api/cocktails/by_ingredients 304 - - 17.120 ms","timestamp":"2022-05-16T01:19:15.999Z"}
{"level":"info","message":"GET /static/resized/dark_n_stormy.png 304 - - 3.261 ms","timestamp":"2022-05-16T01:19:44.308Z"}
{"level":"info","message":"GET /api/cocktails 304 - - 16.602 ms","timestamp":"2022-05-16T01:19:44.326Z"}
{"level":"info","message":"GET /api/cocktails 304 - - 28.461 ms","timestamp":"2022-05-16T01:19:44.357Z"}
{"level":"info","message":"GET /api/cocktails/ingredients 304 - - 14.942 ms","timestamp":"2022-05-16T01:19:44.359Z"}
{"level":"info","message":"GET /api/cocktails/ingredients 304 - - 9.538 ms","timestamp":"2022-05-16T01:19:44.377Z"}
{"level":"info","message":"GET /api/cocktails/by_ingredients 304 - - 22.458 ms","timestamp":"2022-05-16T01:19:44.390Z"}
{"level":"info","message":"GET /api/cocktails/by_ingredients 304 - - 22.515 ms","timestamp":"2022-05-16T01:19:44.414Z"}
{"level":"info","message":"GET /static/resized/dark_n_stormy.png 304 - - 0.716 ms","timestamp":"2022-05-16T01:19:48.582Z"}
{"level":"info","message":"GET /api/cocktails 304 - - 16.808 ms","timestamp":"2022-05-16T01:19:48.605Z"}
{"level":"info","message":"GET /api/cocktails/ingredients 304 - - 9.671 ms","timestamp":"2022-05-16T01:19:48.623Z"}
{"level":"info","message":"GET /api/cocktails 304 - - 18.670 ms","timestamp":"2022-05-16T01:19:48.625Z"}
{"level":"info","message":"GET /api/cocktails/by_ingredients 304 - - 11.226 ms","timestamp":"2022-05-16T01:19:48.638Z"}
{"level":"info","message":"GET /api/cocktails/ingredients 304 - - 3.799 ms","timestamp":"2022-05-16T01:19:48.638Z"}
{"level":"info","message":"GET /api/cocktails/by_ingredients 304 - - 14.411 ms","timestamp":"2022-05-16T01:19:48.660Z"}
{"level":"info","message":"GET /static/resized/dark_n_stormy.png 304 - - 0.418 ms","timestamp":"2022-05-16T01:19:51.302Z"}
{"level":"info","message":"GET /api/cocktails 304 - - 13.916 ms","timestamp":"2022-05-16T01:19:51.324Z"}
{"level":"info","message":"GET /api/cocktails 304 - - 15.007 ms","timestamp":"2022-05-16T01:19:51.340Z"}
{"level":"info","message":"GET /api/cocktails/ingredients 304 - - 7.775 ms","timestamp":"2022-05-16T01:19:51.340Z"}
{"level":"info","message":"GET /api/cocktails/ingredients 304 - - 6.223 ms","timestamp":"2022-05-16T01:19:51.348Z"}
{"level":"info","message":"GET /api/cocktails/by_ingredients 304 - - 15.389 ms","timestamp":"2022-05-16T01:19:51.361Z"}
{"level":"info","message":"GET /api/cocktails/by_ingredients 304 - - 10.955 ms","timestamp":"2022-05-16T01:19:51.373Z"}
{"level":"info","message":"GET /api/cocktails/random_cocktail 200 527 - 54.993 ms","timestamp":"2022-05-16T01:19:59.010Z"}
{"level":"info","message":"GET /api/cocktails/random_cocktail 200 1369 - 18.151 ms","timestamp":"2022-05-16T01:20:03.402Z"}
{"level":"info","message":"GET /api/cocktails/random_cocktail 200 1733 - 17.957 ms","timestamp":"2022-05-16T01:20:04.894Z"}
{"level":"info","message":"GET /api/cocktails/random_cocktail 200 1155 - 14.273 ms","timestamp":"2022-05-16T01:20:05.881Z"}
{"level":"info","message":"GET /api/cocktails/random_cocktail 200 1383 - 15.652 ms","timestamp":"2022-05-16T01:20:06.589Z"}
{"level":"info","message":"GET /api/cocktails/random_cocktail 200 1329 - 17.447 ms","timestamp":"2022-05-16T01:20:07.272Z"}
{"level":"info","message":"GET /api/cocktails/random_cocktail 200 1715 - 15.629 ms","timestamp":"2022-05-16T01:20:07.927Z"}
{"level":"info","message":"GET /api/cocktails/random_cocktail 200 1147 - 17.298 ms","timestamp":"2022-05-16T01:20:08.551Z"}
{"level":"info","message":"GET /api/cocktails/random_cocktail 304 - - 5.529 ms","timestamp":"2022-05-16T01:20:09.130Z"}
{"level":"info","message":"GET /api/cocktails/random_cocktail 200 1042 - 16.103 ms","timestamp":"2022-05-16T01:20:09.592Z"}
{"level":"info","message":"GET /api/cocktails/random_cocktail 200 1378 - 18.340 ms","timestamp":"2022-05-16T01:20:10.350Z"}
{"level":"info","message":"GET /api/cocktails/random_cocktail 304 - - 6.127 ms","timestamp":"2022-05-16T01:20:10.902Z"}
{"level":"info","message":"GET /static/resized/dark_n_stormy.png 304 - - 3.653 ms","timestamp":"2022-05-16T01:20:44.380Z"}
{"level":"info","message":"GET /api/cocktails 304 - - 29.002 ms","timestamp":"2022-05-16T01:20:44.411Z"}
{"level":"info","message":"GET /api/cocktails/ingredients 304 - - 6.356 ms","timestamp":"2022-05-16T01:20:44.423Z"}
{"level":"info","message":"GET /api/cocktails 304 - - 12.799 ms","timestamp":"2022-05-16T01:20:44.426Z"}
{"level":"info","message":"GET /api/cocktails/ingredients 304 - - 8.501 ms","timestamp":"2022-05-16T01:20:44.440Z"}
{"level":"info","message":"GET /api/cocktails/by_ingredients 304 - - 18.474 ms","timestamp":"2022-05-16T01:20:44.444Z"}
{"level":"info","message":"GET /api/cocktails/by_ingredients 304 - - 9.417 ms","timestamp":"2022-05-16T01:20:44.456Z"}
{"level":"info","message":"GET /static/resized/dark_n_stormy.png 304 - - 0.937 ms","timestamp":"2022-05-16T01:20:51.632Z"}
{"level":"info","message":"GET /api/cocktails 304 - - 19.024 ms","timestamp":"2022-05-16T01:20:51.654Z"}
{"level":"info","message":"GET /api/cocktails/ingredients 304 - - 9.133 ms","timestamp":"2022-05-16T01:20:51.666Z"}
{"level":"info","message":"GET /api/cocktails 304 - - 21.681 ms","timestamp":"2022-05-16T01:20:51.676Z"}
{"level":"info","message":"GET /api/cocktails/ingredients 304 - - 9.525 ms","timestamp":"2022-05-16T01:20:51.690Z"}
{"level":"info","message":"GET /api/cocktails/by_ingredients 304 - - 22.297 ms","timestamp":"2022-05-16T01:20:51.691Z"}
{"level":"info","message":"GET /api/cocktails/by_ingredients 304 - - 14.149 ms","timestamp":"2022-05-16T01:20:51.706Z"}
{"level":"info","message":"GET /static/resized/dark_n_stormy.png 304 - - 0.590 ms","timestamp":"2022-05-16T01:20:58.934Z"}
{"level":"info","message":"GET /api/cocktails 304 - - 20.967 ms","timestamp":"2022-05-16T01:20:58.964Z"}
{"level":"info","message":"GET /api/cocktails/ingredients 304 - - 6.561 ms","timestamp":"2022-05-16T01:20:58.976Z"}
{"level":"info","message":"GET /api/cocktails 304 - - 13.080 ms","timestamp":"2022-05-16T01:20:58.978Z"}
{"level":"info","message":"GET /api/cocktails/ingredients 304 - - 3.104 ms","timestamp":"2022-05-16T01:20:58.985Z"}
{"level":"info","message":"GET /api/cocktails/by_ingredients 304 - - 9.166 ms","timestamp":"2022-05-16T01:20:58.991Z"}
{"level":"info","message":"GET /api/cocktails/by_ingredients 304 - - 12.416 ms","timestamp":"2022-05-16T01:20:59.005Z"}
{"level":"info","message":"GET /static/resized/dark_n_stormy.png 304 - - 3.698 ms","timestamp":"2022-05-16T01:22:42.022Z"}
{"level":"info","message":"GET /api/cocktails 304 - - 33.770 ms","timestamp":"2022-05-16T01:22:42.056Z"}
{"level":"info","message":"GET /api/cocktails 304 - - 14.486 ms","timestamp":"2022-05-16T01:22:42.071Z"}
{"level":"info","message":"GET /api/cocktails/ingredients 304 - - 14.083 ms","timestamp":"2022-05-16T01:22:42.075Z"}
{"level":"info","message":"GET /api/cocktails/ingredients 304 - - 11.951 ms","timestamp":"2022-05-16T01:22:42.088Z"}
{"level":"info","message":"GET /api/cocktails/by_ingredients 304 - - 15.613 ms","timestamp":"2022-05-16T01:22:42.091Z"}
{"level":"info","message":"GET /api/cocktails/by_ingredients 304 - - 12.560 ms","timestamp":"2022-05-16T01:22:42.105Z"}
{"level":"info","message":"GET /static/resized/dark_n_stormy.png 200 94816 - 2.324 ms","timestamp":"2022-05-16T01:23:18.466Z"}
{"level":"info","message":"GET /api/cocktails 304 - - 46.834 ms","timestamp":"2022-05-16T01:23:18.514Z"}
{"level":"info","message":"GET /api/cocktails 304 - - 12.038 ms","timestamp":"2022-05-16T01:23:18.527Z"}
{"level":"info","message":"GET /static/resized/dark_n_stormy.png 304 - - 7.043 ms","timestamp":"2022-05-16T01:23:31.722Z"}
{"level":"info","message":"GET /api/cocktails 304 - - 25.452 ms","timestamp":"2022-05-16T01:23:31.744Z"}
{"level":"info","message":"GET /api/cocktails 304 - - 16.937 ms","timestamp":"2022-05-16T01:23:31.765Z"}
{"level":"info","message":"GET /static/resized/dark_n_stormy.png 304 - - 3.347 ms","timestamp":"2022-05-16T01:23:50.278Z"}
{"level":"info","message":"GET /api/cocktails 200 100244 - 20.146 ms","timestamp":"2022-05-16T01:23:50.299Z"}
{"level":"info","message":"GET /api/cocktails/ingredients 200 6800 - 7.916 ms","timestamp":"2022-05-16T01:23:50.312Z"}
{"level":"info","message":"GET /api/cocktails 304 - - 19.400 ms","timestamp":"2022-05-16T01:23:50.325Z"}
{"level":"info","message":"GET /api/cocktails/ingredients 304 - - 9.479 ms","timestamp":"2022-05-16T01:23:50.338Z"}
{"level":"info","message":"GET /api/cocktails/by_ingredients 200 161720 - 22.431 ms","timestamp":"2022-05-16T01:23:50.338Z"}
{"level":"info","message":"GET /api/cocktails/by_ingredients 304 - - 9.264 ms","timestamp":"2022-05-16T01:23:50.350Z"}
{"level":"info","message":"GET /api/cocktails/random_picture 200 34 - 33.572 ms","timestamp":"2022-05-16T01:24:01.418Z"}
{"level":"info","message":"GET /static/resized/john_collins.png 200 68194 - 5.325 ms","timestamp":"2022-05-16T01:24:01.433Z"}
{"level":"info","message":"GET /api/cocktails/random_cocktail 200 1383 - 36.423 ms","timestamp":"2022-05-16T01:24:03.884Z"}
{"level":"info","message":"GET /api/cocktails/random_cocktail 200 1342 - 14.359 ms","timestamp":"2022-05-16T01:24:05.827Z"}
{"level":"info","message":"GET /api/cocktails/random_cocktail 200 1123 - 16.473 ms","timestamp":"2022-05-16T01:24:06.289Z"}
{"level":"info","message":"GET /api/cocktails/random_cocktail 200 1051 - 24.494 ms","timestamp":"2022-05-16T01:24:06.657Z"}
{"level":"info","message":"GET /api/cocktails/random_cocktail 200 1688 - 9.846 ms","timestamp":"2022-05-16T01:24:07.288Z"}
{"level":"info","message":"GET /api/cocktails/random_cocktail 200 1471 - 15.953 ms","timestamp":"2022-05-16T01:24:07.682Z"}
{"level":"info","message":"GET /api/cocktails/random_cocktail 200 1120 - 15.901 ms","timestamp":"2022-05-16T01:24:08.216Z"}
{"level":"info","message":"GET /api/cocktails/random_cocktail 200 1371 - 16.718 ms","timestamp":"2022-05-16T01:24:08.705Z"}
{"level":"info","message":"GET /api/cocktails/random_cocktail 200 1563 - 6.361 ms","timestamp":"2022-05-16T01:24:09.148Z"}
{"level":"info","message":"GET /api/cocktails/random_cocktail 200 1208 - 15.365 ms","timestamp":"2022-05-16T01:24:09.548Z"}
{"level":"info","message":"GET /api/cocktails/random_cocktail 200 1012 - 10.956 ms","timestamp":"2022-05-16T01:24:10.022Z"}
{"level":"info","message":"GET /api/cocktails/random_cocktail 200 1416 - 22.225 ms","timestamp":"2022-05-16T01:24:10.569Z"}
{"level":"info","message":"GET /api/cocktails/random_cocktail 200 1142 - 5.312 ms","timestamp":"2022-05-16T01:24:10.959Z"}
{"level":"info","message":"GET /api/cocktails/random_cocktail 200 1864 - 5.761 ms","timestamp":"2022-05-16T01:24:11.165Z"}
{"level":"info","message":"GET /api/cocktails/random_cocktail 200 1379 - 13.291 ms","timestamp":"2022-05-16T01:24:11.353Z"}
{"level":"info","message":"GET /static/resized/zion_4.png 200 84765 - 6.374 ms","timestamp":"2022-05-16T01:24:22.471Z"}
{"level":"info","message":"GET /api/parks/1 200 1556 - 19.395 ms","timestamp":"2022-05-16T01:24:22.475Z"}
{"level":"info","message":"GET /api/parks/1 304 - - 15.989 ms","timestamp":"2022-05-16T01:24:22.492Z"}
{"level":"info","message":"GET /api/parks/random_picture 200 36 - 36.343 ms","timestamp":"2022-05-16T01:24:32.545Z"}
{"level":"info","message":"GET /static/resized/bryce_canyon_2.png 200 89197 - 3.109 ms","timestamp":"2022-05-16T01:24:32.555Z"}
{"level":"info","message":"GET /api/parks/random_picture 200 31 - 18.760 ms","timestamp":"2022-05-16T01:24:34.206Z"}
{"level":"info","message":"GET /static/resized/olympic_1.png 200 97929 - 2.582 ms","timestamp":"2022-05-16T01:24:34.215Z"}
{"level":"info","message":"GET /api/parks/random_picture 200 30 - 13.283 ms","timestamp":"2022-05-16T01:24:34.762Z"}
{"level":"info","message":"GET /static/resized/denali_4.png 200 69877 - 1.739 ms","timestamp":"2022-05-16T01:24:34.770Z"}
{"level":"info","message":"GET /api/parks/random_picture 200 35 - 8.867 ms","timestamp":"2022-05-16T01:24:35.456Z"}
{"level":"info","message":"GET /static/resized/dry_tortuga_2.png 200 57683 - 2.364 ms","timestamp":"2022-05-16T01:24:35.464Z"}
{"level":"info","message":"GET /api/parks/random_picture 200 40 - 8.354 ms","timestamp":"2022-05-16T01:24:36.089Z"}
{"level":"info","message":"GET /static/resized/hawaii_volcanoes_5.png 200 66902 - 1.670 ms","timestamp":"2022-05-16T01:24:36.098Z"}
{"level":"info","message":"GET /api/parks/random_picture 200 30 - 17.702 ms","timestamp":"2022-05-16T01:24:36.769Z"}
{"level":"info","message":"GET /static/resized/acadia_3.png 200 161228 - 1.181 ms","timestamp":"2022-05-16T01:24:36.776Z"}
{"level":"info","message":"GET /api/parks/random_picture 200 33 - 16.588 ms","timestamp":"2022-05-16T01:24:37.506Z"}
{"level":"info","message":"GET /static/resized/voyageurs_1.png 200 37541 - 1.352 ms","timestamp":"2022-05-16T01:24:37.513Z"}
{"level":"info","message":"GET /api/parks/random_picture 200 42 - 14.233 ms","timestamp":"2022-05-16T01:24:38.133Z"}
{"level":"info","message":"GET /static/resized/theodore_roosevelt_2.png 200 71952 - 1.736 ms","timestamp":"2022-05-16T01:24:38.141Z"}
{"level":"info","message":"GET /api/parks/random_picture 200 39 - 13.525 ms","timestamp":"2022-05-16T01:24:38.691Z"}
{"level":"info","message":"GET /static/resized/channel_islands_1.png 200 82248 - 1.598 ms","timestamp":"2022-05-16T01:24:38.699Z"}
{"level":"info","message":"GET /api/parks/random_picture 200 35 - 12.716 ms","timestamp":"2022-05-16T01:24:39.215Z"}
{"level":"info","message":"GET /static/resized/isle_royale_2.png 200 66130 - 1.480 ms","timestamp":"2022-05-16T01:24:39.222Z"}
{"level":"info","message":"GET /api/parks/random_picture 200 35 - 11.566 ms","timestamp":"2022-05-16T01:24:39.667Z"}
{"level":"info","message":"GET /static/resized/crater_lake_3.png 200 70117 - 1.743 ms","timestamp":"2022-05-16T01:24:39.674Z"}
{"level":"info","message":"GET /api/parks/random_picture 200 40 - 14.720 ms","timestamp":"2022-05-16T01:24:40.071Z"}
{"level":"info","message":"GET /static/resized/wrangel-st_elias_4.png 200 58592 - 2.155 ms","timestamp":"2022-05-16T01:24:40.080Z"}
{"level":"info","message":"GET /api/parks/random_picture 200 33 - 11.862 ms","timestamp":"2022-05-16T01:24:40.544Z"}
{"level":"info","message":"GET /static/resized/pinnacles_1.png 200 78961 - 1.422 ms","timestamp":"2022-05-16T01:24:40.551Z"}
{"level":"info","message":"GET /api/parks/random_park 200 1673 - 6.057 ms","timestamp":"2022-05-16T01:24:42.955Z"}
{"level":"info","message":"GET /static/resized/old_fashioned.png 200 62357 - 5.157 ms","timestamp":"2022-05-16T01:24:46.292Z"}
{"level":"info","message":"GET /static/resized/acadia_2.png 200 79796 - 1.708 ms","timestamp":"2022-05-16T01:24:46.292Z"}
