{"timeStamp": "2022-04-20T11:19:31.135Z" , "level": "info", "message": "GET /static/resized/acadia_2.png 304 - - 2.015 ms"},
{"timeStamp": "2022-04-20T11:19:31.135Z" , "level": "info", "message": "GET /static/resized/old_fashioned.png 304 - - 2.099 ms"},
{"timeStamp": "2022-04-20T11:19:35.667Z" , "level": "info", "message": "GET /static/resized/zion_4.png 200 84765 - 2.990 ms"},
{"timeStamp": "2022-04-20T11:19:35.702Z" , "level": "info", "message": "GET /api/parks/1 200 1556 - 32.370 ms"},
{"timeStamp": "2022-04-20T11:19:35.705Z" , "level": "info", "message": "GET /api/parks/1 304 - - 0.839 ms"},
{"timeStamp": "2022-04-20T11:20:05.925Z" , "level": "info", "message": "GET /static/resized/dark_n_stormy.png 200 94816 - 4.681 ms"},
{"timeStamp": "2022-04-20T11:20:06.024Z" , "level": "info", "message": "GET /api/cocktails 200 100244 - 107.902 ms"},
{"timeStamp": "2022-04-20T11:20:06.033Z" , "level": "info", "message": "GET /api/cocktails/ingredients 200 6800 - 2.757 ms"},
{"timeStamp": "2022-04-20T11:20:06.077Z" , "level": "info", "message": "GET /api/cocktails/by_ingredients 200 161720 - 41.601 ms"},
{"timeStamp": "2022-04-20T11:20:06.078Z" , "level": "info", "message": "GET /api/cocktails 304 - - 46.821 ms"},
{"timeStamp": "2022-04-20T11:20:06.082Z" , "level": "info", "message": "GET /api/cocktails/ingredients 304 - - 0.302 ms"},
{"timeStamp": "2022-04-20T11:20:06.086Z" , "level": "info", "message": "GET /api/cocktails/by_ingredients 304 - - 1.078 ms"},
{"timeStamp": "2022-04-20T11:20:12.929Z" , "level": "info", "message": "GET /api/cocktails/random_picture 200 36 - 4.269 ms"},
{"timeStamp": "2022-04-20T11:20:12.938Z" , "level": "info", "message": "GET /static/resized/planters_punch.png 200 115005 - 1.293 ms"},
{"timeStamp": "2022-04-20T11:20:14.810Z" , "level": "info", "message": "GET /api/cocktails/random_picture 200 29 - 3.894 ms"},
{"timeStamp": "2022-04-20T11:20:14.819Z" , "level": "info", "message": "GET /static/resized/sidecar.png 200 38277 - 1.574 ms"},
{"timeStamp": "2022-04-20T11:20:15.410Z" , "level": "info", "message": "GET /api/cocktails/random_picture 200 30 - 3.725 ms"},
{"timeStamp": "2022-04-20T11:20:15.426Z" , "level": "info", "message": "GET /static/resized/daiquiri.png 404 1424 - 10.073 ms"},
{"timeStamp": "2022-04-20T11:20:15.882Z" , "level": "info", "message": "GET /api/cocktails/random_picture 200 35 - 3.710 ms"},
{"timeStamp": "2022-04-20T11:20:16.666Z" , "level": "info", "message": "GET /api/cocktails/random_picture 200 34 - 4.099 ms"},
{"timeStamp": "2022-04-20T11:20:16.678Z" , "level": "info", "message": "GET /static/resized/john_collins.png 200 68194 - 4.208 ms"},
{"timeStamp": "2022-04-20T11:20:17.157Z" , "level": "info", "message": "GET /api/cocktails/random_picture 200 39 - 5.810 ms"},
{"timeStamp": "2022-04-20T11:20:17.164Z" , "level": "info", "message": "GET /static/resized/hemingway_special.png 200 59811 - 1.543 ms"},
{"timeStamp": "2022-04-20T11:20:17.652Z" , "level": "info", "message": "GET /api/cocktails/random_picture 200 32 - 3.825 ms"},
{"timeStamp": "2022-04-20T11:20:17.661Z" , "level": "info", "message": "GET /static/resized/pisco_sour.png 200 54117 - 1.486 ms"},
{"timeStamp": "2022-04-20T11:20:18.186Z" , "level": "info", "message": "GET /api/cocktails/random_picture 200 33 - 4.070 ms"},
{"timeStamp": "2022-04-20T11:20:18.195Z" , "level": "info", "message": "GET /static/resized/screwdriver.png 200 63312 - 1.327 ms"},
{"timeStamp": "2022-04-20T11:20:18.699Z" , "level": "info", "message": "GET /api/cocktails/random_picture 200 34 - 4.240 ms"},
{"timeStamp": "2022-04-20T11:20:19.324Z" , "level": "info", "message": "GET /api/cocktails/random_picture 200 33 - 3.906 ms"},
{"timeStamp": "2022-04-20T11:20:19.331Z" , "level": "info", "message": "GET /static/resized/yellow_bird.png 200 58929 - 1.159 ms"},
{"timeStamp": "2022-04-20T11:20:19.789Z" , "level": "info", "message": "GET /api/cocktails/random_picture 200 29 - 4.097 ms"},
{"timeStamp": "2022-04-20T11:20:19.796Z" , "level": "info", "message": "GET /static/resized/vampiro.png 200 31361 - 1.205 ms"},
{"timeStamp": "2022-04-20T11:20:20.203Z" , "level": "info", "message": "GET /api/cocktails/random_picture 200 32 - 3.096 ms"},
{"timeStamp": "2022-04-20T11:20:20.211Z" , "level": "info", "message": "GET /static/resized/rusty_nail.png 200 65678 - 1.223 ms"},
{"timeStamp": "2022-04-20T11:20:20.643Z" , "level": "info", "message": "GET /api/cocktails/random_picture 200 36 - 3.428 ms"},
{"timeStamp": "2022-04-20T11:20:21.084Z" , "level": "info", "message": "GET /api/cocktails/random_picture 200 33 - 3.558 ms"},
{"timeStamp": "2022-04-20T11:20:21.091Z" , "level": "info", "message": "GET /static/resized/clover_club.png 200 61836 - 1.559 ms"},
{"timeStamp": "2022-04-20T11:20:21.484Z" , "level": "info", "message": "GET /api/cocktails/random_picture 200 35 - 3.337 ms"},
{"timeStamp": "2022-04-20T11:20:21.490Z" , "level": "info", "message": "GET /static/resized/dirty_martini.png 200 28925 - 1.078 ms"},
{"timeStamp": "2022-04-20T11:20:21.898Z" , "level": "info", "message": "GET /api/cocktails/random_picture 200 34 - 3.183 ms"},
{"timeStamp": "2022-04-20T11:20:22.333Z" , "level": "info", "message": "GET /api/cocktails/random_picture 200 33 - 4.907 ms"},
{"timeStamp": "2022-04-20T11:20:22.837Z" , "level": "info", "message": "GET /api/cocktails/random_picture 200 31 - 3.352 ms"},
{"timeStamp": "2022-04-20T11:20:22.843Z" , "level": "info", "message": "GET /static/resized/margarita.png 200 52727 - 1.087 ms"},
